<?xml version="1.0" encoding="UTF-8"?>
<!-- Generated by org.testng.reporters.JUnitReportReporter -->
<testsuite hostname="THARUN" failures="0" tests="1" name="testDemo.IdLinkClassNamePartialLinkText" time="14.823" errors="0" timestamp="2025-08-22T20:43:35 IST" skipped="0">
  <testcase classname="testDemo.IdLinkClassNamePartialLinkText" name="testIdLink" time="14.823"/>
</testsuite> <!-- testDemo.IdLinkClassNamePartialLinkText -->
