<?xml version="1.0" encoding="UTF-8"?>
<!-- Generated by org.testng.reporters.JUnitReportReporter -->
<testsuite hostname="THARUN" failures="0" tests="1" name="testDemo.Demo1" time="0.013" errors="0" timestamp="2025-08-18T16:41:04 IST" skipped="0">
  <testcase classname="testDemo.Demo1" name="add" time="0.013"/>
</testsuite> <!-- testDemo.Demo1 -->
