<?xml version="1.0" encoding="UTF-8"?>
<!-- Generated by org.testng.reporters.JUnitReportReporter -->
<testsuite hostname="THARUN" failures="0" tests="1" name="testDemo.DragandDrop" time="6.571" errors="0" timestamp="2025-08-19T16:58:54 IST" skipped="0">
  <testcase classname="testDemo.DragandDrop" name="testDragAndDrop" time="6.571"/>
</testsuite> <!-- testDemo.DragandDrop -->
