<?xml version="1.0" encoding="UTF-8"?>
<!-- Generated by org.testng.reporters.JUnitReportReporter -->
<testsuite hostname="THARUN" failures="0" tests="1" name="testDemo.IdLinkPractise" time="6.444" errors="0" timestamp="2025-08-22T15:36:31 IST" skipped="0">
  <testcase classname="testDemo.IdLinkPractise" name="testIdLink" time="6.444"/>
</testsuite> <!-- testDemo.IdLinkPractise -->
