<?xml version="1.0" encoding="UTF-8"?>
<!-- Generated by org.testng.reporters.JUnitReportReporter -->
<testsuite hostname="THARUN" failures="0" tests="1" name="testDemo.NavigateMethods" time="12.654" errors="0" timestamp="2025-08-22T10:29:33 IST" skipped="0">
  <testcase classname="testDemo.NavigateMethods" name="testNavigation" time="12.654"/>
</testsuite> <!-- testDemo.NavigateMethods -->
