<?xml version="1.0" encoding="UTF-8"?>
<!-- Generated by org.testng.reporters.JUnitReportReporter -->
<testsuite hostname="THARUN" failures="0" tests="1" name="testDemo.MultipleTabs" time="10.923" errors="0" timestamp="2025-08-19T17:03:01 IST" skipped="0">
  <testcase classname="testDemo.MultipleTabs" name="testMultipleWindows" time="10.923"/>
</testsuite> <!-- testDemo.MultipleTabs -->
