<?xml version="1.0" encoding="UTF-8"?>
<!-- Generated by org.testng.reporters.JUnitReportReporter -->
<testsuite hostname="THARUN" failures="0" tests="1" name="finalProject.velocity" time="52.908" errors="0" timestamp="2025-08-28T17:32:12 IST" skipped="0">
  <testcase classname="finalProject.velocity" name="userLoginAndBuyTest" time="52.908"/>
</testsuite> <!-- finalProject.velocity -->
