<?xml version="1.0" encoding="UTF-8"?>
<!-- Generated by org.testng.reporters.JUnitReportReporter -->
<testsuite hostname="THARUN" failures="0" tests="1" name="testDemo.DatePicker" time="11.039" errors="0" timestamp="2025-08-19T16:48:54 IST" skipped="0">
  <testcase classname="testDemo.DatePicker" name="testDatePicker" time="11.039"/>
</testsuite> <!-- testDemo.DatePicker -->
