<?xml version="1.0" encoding="UTF-8"?>
<!-- Generated by org.testng.reporters.JUnitReportReporter -->
<testsuite hostname="THARUN" failures="0" tests="1" name="testDemo.IFrames" time="40.403" errors="0" timestamp="2025-08-19T17:10:10 IST" skipped="0">
  <testcase classname="testDemo.IFrames" name="testIframes" time="40.403"/>
</testsuite> <!-- testDemo.IFrames -->
