<?xml version="1.0" encoding="UTF-8"?>
<!-- Generated by org.testng.reporters.JUnitReportReporter -->
<testsuite hostname="THARUN" failures="0" tests="2" name="tests.RegExcel" time="31.499" errors="0" timestamp="2025-09-08T16:16:12 IST" skipped="0">
  <testcase classname="tests.RegExcel" name="signupTest" time="17.052"/>
  <testcase classname="tests.RegExcel" name="signupTest" time="14.447"/>
</testsuite> <!-- tests.RegExcel -->
